[0.094s] [34mcolcon[0m [1;30mDEBUG[0m [32mCommand line arguments: ['/home/bebaran/micromamba/envs/ros_env/bin/colcon', 'build'][0m
[0.094s] [34mcolcon[0m [1;30mDEBUG[0m [32mParsed command line arguments: Namespace(log_base=None, log_level=None, verb_name='build', build_base='build', install_base='install', merge_install=False, symlink_install=False, test_result_base=None, continue_on_error=False, executor='parallel', parallel_workers=16, event_handlers=None, ignore_user_meta=False, metas=['./colcon.meta'], base_paths=['.'], packages_ignore=None, packages_ignore_regex=None, paths=None, packages_up_to=None, packages_up_to_regex=None, packages_above=None, packages_above_and_dependencies=None, packages_above_depth=None, packages_select_by_dep=None, packages_skip_by_dep=None, packages_skip_up_to=None, packages_select_build_failed=False, packages_skip_build_finished=False, packages_select_test_failures=False, packages_skip_test_passed=False, packages_select=None, packages_skip=None, packages_select_regex=None, packages_skip_regex=None, packages_start=None, packages_end=None, cmake_args=None, cmake_target=None, cmake_target_skip_unavailable=False, cmake_clean_cache=False, cmake_clean_first=False, cmake_force_configure=False, ament_cmake_args=None, catkin_cmake_args=None, catkin_skip_building_tests=False, mixin_files=None, mixin=None, verb_parser=<colcon_mixin.mixin.mixin_argument.MixinArgumentDecorator object at 0x7cc3c0f31790>, verb_extension=<colcon_core.verb.build.BuildVerb object at 0x7cc3c0f313d0>, main=<bound method BuildVerb.main of <colcon_core.verb.build.BuildVerb object at 0x7cc3c0f313d0>>, mixin_verb=('build',))[0m
[0.117s] [34mcolcon.colcon_core.package_discovery[0m [1;30mLevel 1[0m discover_packages(colcon_meta) check parameters
[0.117s] [34mcolcon.colcon_core.package_discovery[0m [1;30mLevel 1[0m discover_packages(recursive) check parameters
[0.117s] [34mcolcon.colcon_core.package_discovery[0m [1;30mLevel 1[0m discover_packages(ignore) check parameters
[0.117s] [34mcolcon.colcon_core.package_discovery[0m [1;30mLevel 1[0m discover_packages(path) check parameters
[0.117s] [34mcolcon.colcon_core.package_discovery[0m [1;30mLevel 1[0m discover_packages(colcon_meta) discover
[0.117s] [34mcolcon.colcon_core.package_discovery[0m [1;30mLevel 1[0m discover_packages(recursive) discover
[0.117s] [34mcolcon.colcon_core.package_discovery[0m [1;30mINFO[0m Crawling recursively for packages in '/home/bebaran/Área de trabalho/programação/Módulo 6 - Eng. Comp/ROS 2 Teste'
[0.117s] [34mcolcon.colcon_core.package_identification[0m [1;30mLevel 1[0m _identify(.) by extensions ['ignore', 'ignore_ament_install']
[0.117s] [34mcolcon.colcon_core.package_identification[0m [1;30mLevel 1[0m _identify(.) by extension 'ignore'
[0.118s] [34mcolcon.colcon_core.package_identification[0m [1;30mLevel 1[0m _identify(.) by extension 'ignore_ament_install'
[0.118s] [34mcolcon.colcon_core.package_identification[0m [1;30mLevel 1[0m _identify(.) by extensions ['colcon_pkg']
[0.118s] [34mcolcon.colcon_core.package_identification[0m [1;30mLevel 1[0m _identify(.) by extension 'colcon_pkg'
[0.118s] [34mcolcon.colcon_core.package_identification[0m [1;30mLevel 1[0m _identify(.) by extensions ['colcon_meta']
[0.118s] [34mcolcon.colcon_core.package_identification[0m [1;30mLevel 1[0m _identify(.) by extension 'colcon_meta'
[0.118s] [34mcolcon.colcon_core.package_identification[0m [1;30mLevel 1[0m _identify(.) by extensions ['ros']
[0.118s] [34mcolcon.colcon_core.package_identification[0m [1;30mLevel 1[0m _identify(.) by extension 'ros'
[0.139s] [34mcolcon.colcon_core.package_identification[0m [1;30mLevel 1[0m _identify(.) by extensions ['cmake', 'python']
[0.139s] [34mcolcon.colcon_core.package_identification[0m [1;30mLevel 1[0m _identify(.) by extension 'cmake'
[0.139s] [34mcolcon.colcon_core.package_identification[0m [1;30mLevel 1[0m _identify(.) by extension 'python'
[0.139s] [34mcolcon.colcon_core.package_identification[0m [1;30mLevel 1[0m _identify(.) by extensions ['python_setup_py']
[0.139s] [34mcolcon.colcon_core.package_identification[0m [1;30mLevel 1[0m _identify(.) by extension 'python_setup_py'
[0.139s] [34mcolcon.colcon_core.package_identification[0m [1;30mLevel 1[0m _identify(build) by extensions ['ignore', 'ignore_ament_install']
[0.139s] [34mcolcon.colcon_core.package_identification[0m [1;30mLevel 1[0m _identify(build) by extension 'ignore'
[0.139s] [34mcolcon.colcon_core.package_identification[0m [1;30mLevel 1[0m _identify(build) ignored
[0.139s] [34mcolcon.colcon_core.package_identification[0m [1;30mLevel 1[0m _identify(install) by extensions ['ignore', 'ignore_ament_install']
[0.139s] [34mcolcon.colcon_core.package_identification[0m [1;30mLevel 1[0m _identify(install) by extension 'ignore'
[0.139s] [34mcolcon.colcon_core.package_identification[0m [1;30mLevel 1[0m _identify(install) ignored
[0.139s] [34mcolcon.colcon_core.package_identification[0m [1;30mLevel 1[0m _identify(log) by extensions ['ignore', 'ignore_ament_install']
[0.139s] [34mcolcon.colcon_core.package_identification[0m [1;30mLevel 1[0m _identify(log) by extension 'ignore'
[0.139s] [34mcolcon.colcon_core.package_identification[0m [1;30mLevel 1[0m _identify(log) ignored
[0.139s] [34mcolcon.colcon_core.package_identification[0m [1;30mLevel 1[0m _identify(src) by extensions ['ignore', 'ignore_ament_install']
[0.139s] [34mcolcon.colcon_core.package_identification[0m [1;30mLevel 1[0m _identify(src) by extension 'ignore'
[0.139s] [34mcolcon.colcon_core.package_identification[0m [1;30mLevel 1[0m _identify(src) by extension 'ignore_ament_install'
[0.139s] [34mcolcon.colcon_core.package_identification[0m [1;30mLevel 1[0m _identify(src) by extensions ['colcon_pkg']
[0.139s] [34mcolcon.colcon_core.package_identification[0m [1;30mLevel 1[0m _identify(src) by extension 'colcon_pkg'
[0.140s] [34mcolcon.colcon_core.package_identification[0m [1;30mLevel 1[0m _identify(src) by extensions ['colcon_meta']
[0.140s] [34mcolcon.colcon_core.package_identification[0m [1;30mLevel 1[0m _identify(src) by extension 'colcon_meta'
[0.140s] [34mcolcon.colcon_core.package_identification[0m [1;30mLevel 1[0m _identify(src) by extensions ['ros']
[0.140s] [34mcolcon.colcon_core.package_identification[0m [1;30mLevel 1[0m _identify(src) by extension 'ros'
[0.140s] [34mcolcon.colcon_core.package_identification[0m [1;30mLevel 1[0m _identify(src) by extensions ['cmake', 'python']
[0.140s] [34mcolcon.colcon_core.package_identification[0m [1;30mLevel 1[0m _identify(src) by extension 'cmake'
[0.140s] [34mcolcon.colcon_core.package_identification[0m [1;30mLevel 1[0m _identify(src) by extension 'python'
[0.140s] [34mcolcon.colcon_core.package_identification[0m [1;30mLevel 1[0m _identify(src) by extensions ['python_setup_py']
[0.140s] [34mcolcon.colcon_core.package_identification[0m [1;30mLevel 1[0m _identify(src) by extension 'python_setup_py'
[0.140s] [34mcolcon.colcon_core.package_identification[0m [1;30mLevel 1[0m _identify(src/turtle_draw) by extensions ['ignore', 'ignore_ament_install']
[0.140s] [34mcolcon.colcon_core.package_identification[0m [1;30mLevel 1[0m _identify(src/turtle_draw) by extension 'ignore'
[0.140s] [34mcolcon.colcon_core.package_identification[0m [1;30mLevel 1[0m _identify(src/turtle_draw) by extension 'ignore_ament_install'
[0.140s] [34mcolcon.colcon_core.package_identification[0m [1;30mLevel 1[0m _identify(src/turtle_draw) by extensions ['colcon_pkg']
[0.140s] [34mcolcon.colcon_core.package_identification[0m [1;30mLevel 1[0m _identify(src/turtle_draw) by extension 'colcon_pkg'
[0.140s] [34mcolcon.colcon_core.package_identification[0m [1;30mLevel 1[0m _identify(src/turtle_draw) by extensions ['colcon_meta']
[0.140s] [34mcolcon.colcon_core.package_identification[0m [1;30mLevel 1[0m _identify(src/turtle_draw) by extension 'colcon_meta'
[0.140s] [34mcolcon.colcon_core.package_identification[0m [1;30mLevel 1[0m _identify(src/turtle_draw) by extensions ['ros']
[0.140s] [34mcolcon.colcon_core.package_identification[0m [1;30mLevel 1[0m _identify(src/turtle_draw) by extension 'ros'
[0.142s] [34mcolcon.colcon_core.package_identification[0m [1;30mDEBUG[0m [32mPackage 'src/turtle_draw' with type 'ros.ament_python' and name 'turtle_draw'[0m
[0.142s] [34mcolcon.colcon_core.package_discovery[0m [1;30mLevel 1[0m discover_packages(recursive) using defaults
[0.142s] [34mcolcon.colcon_core.package_discovery[0m [1;30mLevel 1[0m discover_packages(ignore) discover
[0.142s] [34mcolcon.colcon_core.package_discovery[0m [1;30mLevel 1[0m discover_packages(ignore) using defaults
[0.142s] [34mcolcon.colcon_core.package_discovery[0m [1;30mLevel 1[0m discover_packages(path) discover
[0.142s] [34mcolcon.colcon_core.package_discovery[0m [1;30mLevel 1[0m discover_packages(path) using defaults
[0.152s] [34mcolcon.colcon_core.verb[0m [1;30mLevel 5[0m set package 'turtle_draw' build argument 'cmake_args' from command line to 'None'
[0.152s] [34mcolcon.colcon_core.verb[0m [1;30mLevel 5[0m set package 'turtle_draw' build argument 'cmake_target' from command line to 'None'
[0.152s] [34mcolcon.colcon_core.verb[0m [1;30mLevel 5[0m set package 'turtle_draw' build argument 'cmake_target_skip_unavailable' from command line to 'False'
[0.152s] [34mcolcon.colcon_core.verb[0m [1;30mLevel 5[0m set package 'turtle_draw' build argument 'cmake_clean_cache' from command line to 'False'
[0.152s] [34mcolcon.colcon_core.verb[0m [1;30mLevel 5[0m set package 'turtle_draw' build argument 'cmake_clean_first' from command line to 'False'
[0.152s] [34mcolcon.colcon_core.verb[0m [1;30mLevel 5[0m set package 'turtle_draw' build argument 'cmake_force_configure' from command line to 'False'
[0.152s] [34mcolcon.colcon_core.verb[0m [1;30mLevel 5[0m set package 'turtle_draw' build argument 'ament_cmake_args' from command line to 'None'
[0.152s] [34mcolcon.colcon_core.verb[0m [1;30mLevel 5[0m set package 'turtle_draw' build argument 'catkin_cmake_args' from command line to 'None'
[0.152s] [34mcolcon.colcon_core.verb[0m [1;30mLevel 5[0m set package 'turtle_draw' build argument 'catkin_skip_building_tests' from command line to 'False'
[0.152s] [34mcolcon.colcon_core.verb[0m [1;30mDEBUG[0m [32mBuilding package 'turtle_draw' with the following arguments: {'ament_cmake_args': None, 'build_base': '/home/bebaran/Área de trabalho/programação/Módulo 6 - Eng. Comp/ROS 2 Teste/build/turtle_draw', 'catkin_cmake_args': None, 'catkin_skip_building_tests': False, 'cmake_args': None, 'cmake_clean_cache': False, 'cmake_clean_first': False, 'cmake_force_configure': False, 'cmake_target': None, 'cmake_target_skip_unavailable': False, 'install_base': '/home/bebaran/Área de trabalho/programação/Módulo 6 - Eng. Comp/ROS 2 Teste/install/turtle_draw', 'merge_install': False, 'path': '/home/bebaran/Área de trabalho/programação/Módulo 6 - Eng. Comp/ROS 2 Teste/src/turtle_draw', 'symlink_install': False, 'test_result_base': None}[0m
[0.152s] [34mcolcon.colcon_core.executor[0m [1;30mINFO[0m Executing jobs using 'parallel' executor
[0.153s] [34mcolcon.colcon_parallel_executor.executor.parallel[0m [1;30mDEBUG[0m [32mrun_until_complete[0m
[0.153s] [34mcolcon.colcon_ros.task.ament_python.build[0m [1;30mINFO[0m Building ROS package in '/home/bebaran/Área de trabalho/programação/Módulo 6 - Eng. Comp/ROS 2 Teste/src/turtle_draw' with build type 'ament_python'
[0.153s] [34mcolcon.colcon_core.shell[0m [1;30mLevel 1[0m create_environment_hook('turtle_draw', 'ament_prefix_path')
[0.154s] [34mcolcon.colcon_core.plugin_system[0m [1;30mINFO[0m Skipping extension 'colcon_core.shell.bat': Not used on non-Windows systems
[0.154s] [34mcolcon.colcon_core.shell[0m [1;30mINFO[0m Creating environment hook '/home/bebaran/Área de trabalho/programação/Módulo 6 - Eng. Comp/ROS 2 Teste/install/turtle_draw/share/turtle_draw/hook/ament_prefix_path.ps1'
[0.155s] [34mcolcon.colcon_core.shell[0m [1;30mINFO[0m Creating environment descriptor '/home/bebaran/Área de trabalho/programação/Módulo 6 - Eng. Comp/ROS 2 Teste/install/turtle_draw/share/turtle_draw/hook/ament_prefix_path.dsv'
[0.155s] [34mcolcon.colcon_core.shell[0m [1;30mINFO[0m Creating environment hook '/home/bebaran/Área de trabalho/programação/Módulo 6 - Eng. Comp/ROS 2 Teste/install/turtle_draw/share/turtle_draw/hook/ament_prefix_path.sh'
[0.155s] [34mcolcon.colcon_core.shell[0m [1;30mINFO[0m Skip shell extension 'powershell' for command environment: Not usable outside of PowerShell
[0.155s] [34mcolcon.colcon_core.shell[0m [1;30mDEBUG[0m [32mSkip shell extension 'dsv' for command environment[0m
[0.320s] [34mcolcon.colcon_core.task.python.build[0m [1;30mINFO[0m Building Python package in '/home/bebaran/Área de trabalho/programação/Módulo 6 - Eng. Comp/ROS 2 Teste/src/turtle_draw'
[0.321s] [34mcolcon.colcon_core.shell[0m [1;30mINFO[0m Skip shell extension 'powershell' for command environment: Not usable outside of PowerShell
[0.321s] [34mcolcon.colcon_core.shell[0m [1;30mDEBUG[0m [32mSkip shell extension 'dsv' for command environment[0m
[0.575s] [34mcolcon.colcon_core.event_handler.log_command[0m [1;30mDEBUG[0m [32mInvoking command in '/home/bebaran/Área de trabalho/programação/Módulo 6 - Eng. Comp/ROS 2 Teste/src/turtle_draw': CONDA_PROMPT_MODIFIER=(ros_env) DEBUGINFOD_URLS=https://debuginfod.ubuntu.com PYTHONPATH=/home/bebaran/Área de trabalho/programação/Módulo 6 - Eng. Comp/ROS 2 Teste/build/turtle_draw/prefix_override:/home/bebaran/micromamba/envs/ros_env/lib/python3.12/site-packages/colcon_core/task/python/colcon_distutils_commands:/home/bebaran/Área de trabalho/programação/Módulo 6 - Eng. Comp/ROS 2 Teste/install/turtle_draw/lib/python3.12/site-packages:${PYTHONPATH} /home/bebaran/micromamba/envs/ros_env/bin/python3.12 -W ignore:setup.py install is deprecated -W ignore:easy_install command is deprecated setup.py egg_info --egg-base ../../build/turtle_draw build --build-base /home/bebaran/Área de trabalho/programação/Módulo 6 - Eng. Comp/ROS 2 Teste/build/turtle_draw/build install --record /home/bebaran/Área de trabalho/programação/Módulo 6 - Eng. Comp/ROS 2 Teste/build/turtle_draw/install.log --single-version-externally-managed install_data[0m
[0.836s] [34mcolcon.colcon_core.event_handler.log_command[0m [1;30mDEBUG[0m [32mInvoked command in '/home/bebaran/Área de trabalho/programação/Módulo 6 - Eng. Comp/ROS 2 Teste/src/turtle_draw' returned '0': CONDA_PROMPT_MODIFIER=(ros_env) DEBUGINFOD_URLS=https://debuginfod.ubuntu.com PYTHONPATH=/home/bebaran/Área de trabalho/programação/Módulo 6 - Eng. Comp/ROS 2 Teste/build/turtle_draw/prefix_override:/home/bebaran/micromamba/envs/ros_env/lib/python3.12/site-packages/colcon_core/task/python/colcon_distutils_commands:/home/bebaran/Área de trabalho/programação/Módulo 6 - Eng. Comp/ROS 2 Teste/install/turtle_draw/lib/python3.12/site-packages:${PYTHONPATH} /home/bebaran/micromamba/envs/ros_env/bin/python3.12 -W ignore:setup.py install is deprecated -W ignore:easy_install command is deprecated setup.py egg_info --egg-base ../../build/turtle_draw build --build-base /home/bebaran/Área de trabalho/programação/Módulo 6 - Eng. Comp/ROS 2 Teste/build/turtle_draw/build install --record /home/bebaran/Área de trabalho/programação/Módulo 6 - Eng. Comp/ROS 2 Teste/build/turtle_draw/install.log --single-version-externally-managed install_data[0m
[0.838s] [34mcolcon.colcon_core.environment[0m [1;30mLevel 1[0m checking '/home/bebaran/Área de trabalho/programação/Módulo 6 - Eng. Comp/ROS 2 Teste/install/turtle_draw' for CMake module files
[0.838s] [34mcolcon.colcon_core.environment[0m [1;30mLevel 1[0m checking '/home/bebaran/Área de trabalho/programação/Módulo 6 - Eng. Comp/ROS 2 Teste/install/turtle_draw' for CMake config files
[0.839s] [34mcolcon.colcon_core.environment[0m [1;30mLevel 1[0m checking '/home/bebaran/Área de trabalho/programação/Módulo 6 - Eng. Comp/ROS 2 Teste/install/turtle_draw/lib'
[0.839s] [34mcolcon.colcon_core.environment[0m [1;30mLevel 1[0m checking '/home/bebaran/Área de trabalho/programação/Módulo 6 - Eng. Comp/ROS 2 Teste/install/turtle_draw/bin'
[0.839s] [34mcolcon.colcon_core.environment[0m [1;30mLevel 1[0m checking '/home/bebaran/Área de trabalho/programação/Módulo 6 - Eng. Comp/ROS 2 Teste/install/turtle_draw/lib/pkgconfig/turtle_draw.pc'
[0.839s] [34mcolcon.colcon_core.environment[0m [1;30mLevel 1[0m checking '/home/bebaran/Área de trabalho/programação/Módulo 6 - Eng. Comp/ROS 2 Teste/install/turtle_draw/lib/python3.12/site-packages'
[0.839s] [34mcolcon.colcon_core.shell[0m [1;30mLevel 1[0m create_environment_hook('turtle_draw', 'pythonpath')
[0.839s] [34mcolcon.colcon_core.shell[0m [1;30mINFO[0m Creating environment hook '/home/bebaran/Área de trabalho/programação/Módulo 6 - Eng. Comp/ROS 2 Teste/install/turtle_draw/share/turtle_draw/hook/pythonpath.ps1'
[0.840s] [34mcolcon.colcon_core.shell[0m [1;30mINFO[0m Creating environment descriptor '/home/bebaran/Área de trabalho/programação/Módulo 6 - Eng. Comp/ROS 2 Teste/install/turtle_draw/share/turtle_draw/hook/pythonpath.dsv'
[0.840s] [34mcolcon.colcon_core.shell[0m [1;30mINFO[0m Creating environment hook '/home/bebaran/Área de trabalho/programação/Módulo 6 - Eng. Comp/ROS 2 Teste/install/turtle_draw/share/turtle_draw/hook/pythonpath.sh'
[0.840s] [34mcolcon.colcon_core.environment[0m [1;30mLevel 1[0m checking '/home/bebaran/Área de trabalho/programação/Módulo 6 - Eng. Comp/ROS 2 Teste/install/turtle_draw/bin'
[0.840s] [34mcolcon.colcon_core.environment[0m [1;30mLevel 1[0m create_environment_scripts_only(turtle_draw)
[0.840s] [34mcolcon.colcon_core.shell[0m [1;30mINFO[0m Creating package script '/home/bebaran/Área de trabalho/programação/Módulo 6 - Eng. Comp/ROS 2 Teste/install/turtle_draw/share/turtle_draw/package.ps1'
[0.841s] [34mcolcon.colcon_core.shell[0m [1;30mINFO[0m Creating package descriptor '/home/bebaran/Área de trabalho/programação/Módulo 6 - Eng. Comp/ROS 2 Teste/install/turtle_draw/share/turtle_draw/package.dsv'
[0.841s] [34mcolcon.colcon_core.shell[0m [1;30mINFO[0m Creating package script '/home/bebaran/Área de trabalho/programação/Módulo 6 - Eng. Comp/ROS 2 Teste/install/turtle_draw/share/turtle_draw/package.sh'
[0.842s] [34mcolcon.colcon_core.shell[0m [1;30mINFO[0m Creating package script '/home/bebaran/Área de trabalho/programação/Módulo 6 - Eng. Comp/ROS 2 Teste/install/turtle_draw/share/turtle_draw/package.bash'
[0.842s] [34mcolcon.colcon_core.shell[0m [1;30mINFO[0m Creating package script '/home/bebaran/Área de trabalho/programação/Módulo 6 - Eng. Comp/ROS 2 Teste/install/turtle_draw/share/turtle_draw/package.zsh'
[0.842s] [34mcolcon.colcon_core.environment[0m [1;30mLevel 1[0m create_file_with_runtime_dependencies(/home/bebaran/Área de trabalho/programação/Módulo 6 - Eng. Comp/ROS 2 Teste/install/turtle_draw/share/colcon-core/packages/turtle_draw)
[0.842s] [34mcolcon.colcon_parallel_executor.executor.parallel[0m [1;30mDEBUG[0m [32mclosing loop[0m
[0.843s] [34mcolcon.colcon_parallel_executor.executor.parallel[0m [1;30mDEBUG[0m [32mloop closed[0m
[0.843s] [34mcolcon.colcon_parallel_executor.executor.parallel[0m [1;30mDEBUG[0m [32mrun_until_complete finished with '0'[0m
[0.843s] [34mcolcon.colcon_core.event_reactor[0m [1;30mDEBUG[0m [32mjoining thread[0m
[0.843s] [34mcolcon.colcon_core.event_reactor[0m [1;30mDEBUG[0m [32mjoined thread[0m
[0.843s] [34mcolcon.colcon_core.shell[0m [1;30mINFO[0m Creating prefix script '/home/bebaran/Área de trabalho/programação/Módulo 6 - Eng. Comp/ROS 2 Teste/install/local_setup.ps1'
[0.844s] [34mcolcon.colcon_core.shell[0m [1;30mINFO[0m Creating prefix util module '/home/bebaran/Área de trabalho/programação/Módulo 6 - Eng. Comp/ROS 2 Teste/install/_local_setup_util_ps1.py'
[0.844s] [34mcolcon.colcon_core.shell[0m [1;30mINFO[0m Creating prefix chain script '/home/bebaran/Área de trabalho/programação/Módulo 6 - Eng. Comp/ROS 2 Teste/install/setup.ps1'
[0.845s] [34mcolcon.colcon_core.shell[0m [1;30mINFO[0m Creating prefix script '/home/bebaran/Área de trabalho/programação/Módulo 6 - Eng. Comp/ROS 2 Teste/install/local_setup.sh'
[0.845s] [34mcolcon.colcon_core.shell[0m [1;30mINFO[0m Creating prefix util module '/home/bebaran/Área de trabalho/programação/Módulo 6 - Eng. Comp/ROS 2 Teste/install/_local_setup_util_sh.py'
[0.845s] [34mcolcon.colcon_core.shell[0m [1;30mINFO[0m Creating prefix chain script '/home/bebaran/Área de trabalho/programação/Módulo 6 - Eng. Comp/ROS 2 Teste/install/setup.sh'
[0.846s] [34mcolcon.colcon_core.shell[0m [1;30mINFO[0m Creating prefix script '/home/bebaran/Área de trabalho/programação/Módulo 6 - Eng. Comp/ROS 2 Teste/install/local_setup.bash'
[0.846s] [34mcolcon.colcon_core.shell[0m [1;30mINFO[0m Creating prefix chain script '/home/bebaran/Área de trabalho/programação/Módulo 6 - Eng. Comp/ROS 2 Teste/install/setup.bash'
[0.846s] [34mcolcon.colcon_core.shell[0m [1;30mINFO[0m Creating prefix script '/home/bebaran/Área de trabalho/programação/Módulo 6 - Eng. Comp/ROS 2 Teste/install/local_setup.zsh'
[0.847s] [34mcolcon.colcon_core.shell[0m [1;30mINFO[0m Creating prefix chain script '/home/bebaran/Área de trabalho/programação/Módulo 6 - Eng. Comp/ROS 2 Teste/install/setup.zsh'
